# JRE version: OpenJDK Runtime Environment GraalVM CE 22.3.0 (17.0.5+8) (build 17.0.5+8-jvmci-22.3-b08)
# Java VM: OpenJDK 64-Bit Server VM GraalVM CE 22.3.0 (17.0.5+8-jvmci-22.3-b08, mixed mode, sharing, tiered, jvmci, jvmci compiler, compressed oops, compressed class ptrs, parallel gc, linux-amd64)
GC Precious Log:
 CPUs: 8 total, 1 available
 Memory: 1024M
 Large Page Support: Disabled
 NUMA Support: Disabled
 Compressed Oops: Enabled (32-bit)
 Alignments: Space 512K, Generation 512K, Heap 2M
 Heap Min Capacity: 100M
 Heap Initial Capacity: 100M
 Heap Max Capacity: 512M
 Pre-touch: Disabled
 Parallel Workers: 1
Heap:
 PSYoungGen      total 38400K, used 24576K [0x00000000f5580000, 0x00000000f9180000, 0x0000000100000000)
  eden space 24576K, 100% used [0x00000000f5580000,0x00000000f6d80000,0x00000000f6d80000)
  from space 13824K, 0% used [0x00000000f6d80000,0x00000000f6d80000,0x00000000f7b00000)
  to   space 16896K, 0% used [0x00000000f8100000,0x00000000f8100000,0x00000000f9180000)
 ParOldGen       total 349696K, used 349695K [0x00000000e0000000, 0x00000000f5580000, 0x00000000f5580000)
  object space 349696K, 99% used [0x00000000e0000000,0x00000000f557ffc8,0x00000000f5580000)
 Metaspace       used 53477K, committed 54400K, reserved 1097728K
  class space    used 5355K, committed 5760K, reserved 1048576K
GC Heap History (20 events):
Event: 726.121 GC heap before
{Heap before GC invocations=579 (full 496):
 PSYoungGen      total 38400K, used 24576K [0x00000000f5580000, 0x00000000f9180000, 0x0000000100000000)
  eden space 24576K, 100% used [0x00000000f5580000,0x00000000f6d80000,0x00000000f6d80000)
  from space 13824K, 0% used [0x00000000f6d80000,0x00000000f6d80000,0x00000000f7b00000)
  to   space 16896K, 0% used [0x00000000f8100000,0x00000000f8100000,0x00000000f9180000)
 ParOldGen       total 349696K, used 349693K [0x00000000e0000000, 0x00000000f5580000, 0x00000000f5580000)
  object space 349696K, 99% used [0x00000000e0000000,0x00000000f557f710,0x00000000f5580000)
 Metaspace       used 53477K, committed 54400K, reserved 1097728K
  class space    used 5355K, committed 5760K, reserved 1048576K
}
Event: 727.605 GC heap after
{Heap after GC invocations=579 (full 496):
 PSYoungGen      total 41472K, used 24575K [0x00000000f5580000, 0x00000000f9180000, 0x0000000100000000)
  eden space 24576K, 99% used [0x00000000f5580000,0x00000000f6d7ff88,0x00000000f6d80000)
  from space 16896K, 0% used [0x00000000f8100000,0x00000000f8100000,0x00000000f9180000)
  to   space 13824K, 0% used [0x00000000f6d80000,0x00000000f6d80000,0x00000000f7b00000)
 ParOldGen       total 349696K, used 349693K [0x00000000e0000000, 0x00000000f5580000, 0x00000000f5580000)
  object space 349696K, 99% used [0x00000000e0000000,0x00000000f557f5c0,0x00000000f5580000)
 Metaspace       used 53477K, committed 54400K, reserved 1097728K
  class space    used 5355K, committed 5760K, reserved 1048576K
}
Event: 727.606 GC heap before
{Heap before GC invocations=580 (full 497):
 PSYoungGen      total 41472K, used 24575K [0x00000000f5580000, 0x00000000f9180000, 0x0000000100000000)
  eden space 24576K, 99% used [0x00000000f5580000,0x00000000f6d7fff8,0x00000000f6d80000)
  from space 16896K, 0% used [0x00000000f8100000,0x00000000f8100000,0x00000000f9180000)
  to   space 13824K, 0% used [0x00000000f6d80000,0x00000000f6d80000,0x00000000f7b00000)
 ParOldGen       total 349696K, used 349693K [0x00000000e0000000, 0x00000000f5580000, 0x00000000f5580000)
  object space 349696K, 99% used [0x00000000e0000000,0x00000000f557f5c0,0x00000000f5580000)
 Metaspace       used 53477K, committed 54400K, reserved 1097728K
  class space    used 5355K, committed 5760K, reserved 1048576K
}
Event: 729.160 GC heap after
{Heap after GC invocations=580 (full 497):
 PSYoungGen      total 38400K, used 24575K [0x00000000f5580000, 0x00000000f9180000, 0x0000000100000000)
  eden space 24576K, 99% used [0x00000000f5580000,0x00000000f6d7ffe0,0x00000000f6d80000)
  from space 13824K, 0% used [0x00000000f6d80000,0x00000000f6d80000,0x00000000f7b00000)
  to   space 16896K, 0% used [0x00000000f8100000,0x00000000f8100000,0x00000000f9180000)
 ParOldGen       total 349696K, used 349693K [0x00000000e0000000, 0x00000000f5580000, 0x00000000f5580000)
  object space 349696K, 99% used [0x00000000e0000000,0x00000000f557f5c0,0x00000000f5580000)
 Metaspace       used 53477K, committed 54400K, reserved 1097728K
  class space    used 5355K, committed 5760K, reserved 1048576K
}
Event: 729.163 GC heap before
{Heap before GC invocations=581 (full 498):
 PSYoungGen      total 38400K, used 24575K [0x00000000f5580000, 0x00000000f9180000, 0x0000000100000000)
  eden space 24576K, 99% used [0x00000000f5580000,0x00000000f6d7fff0,0x00000000f6d80000)
  from space 13824K, 0% used [0x00000000f6d80000,0x00000000f6d80000,0x00000000f7b00000)
  to   space 16896K, 0% used [0x00000000f8100000,0x00000000f8100000,0x00000000f9180000)
 ParOldGen       total 349696K, used 349693K [0x00000000e0000000, 0x00000000f5580000, 0x00000000f5580000)
  object space 349696K, 99% used [0x00000000e0000000,0x00000000f557f5c0,0x00000000f5580000)
 Metaspace       used 53477K, committed 54400K, reserved 1097728K
  class space    used 5355K, committed 5760K, reserved 1048576K
}
Event: 730.553 GC heap after
{Heap after GC invocations=581 (full 498):
 PSYoungGen      total 41472K, used 24575K [0x00000000f5580000, 0x00000000f9180000, 0x0000000100000000)
  eden space 24576K, 99% used [0x00000000f5580000,0x00000000f6d7ffb8,0x00000000f6d80000)
  from space 16896K, 0% used [0x00000000f8100000,0x00000000f8100000,0x00000000f9180000)
  to   space 13824K, 0% used [0x00000000f6d80000,0x00000000f6d80000,0x00000000f7b00000)
 ParOldGen       total 349696K, used 349693K [0x00000000e0000000, 0x00000000f5580000, 0x00000000f5580000)
  object space 349696K, 99% used [0x00000000e0000000,0x00000000f557f570,0x00000000f5580000)
 Metaspace       used 53477K, committed 54400K, reserved 1097728K
  class space    used 5355K, committed 5760K, reserved 1048576K
}
Event: 730.553 GC heap before
{Heap before GC invocations=582 (full 499):
 PSYoungGen      total 41472K, used 24576K [0x00000000f5580000, 0x00000000f9180000, 0x0000000100000000)
  eden space 24576K, 100% used [0x00000000f5580000,0x00000000f6d80000,0x00000000f6d80000)
  from space 16896K, 0% used [0x00000000f8100000,0x00000000f8100000,0x00000000f9180000)
  to   space 13824K, 0% used [0x00000000f6d80000,0x00000000f6d80000,0x00000000f7b00000)
 ParOldGen       total 349696K, used 349694K [0x00000000e0000000, 0x00000000f5580000, 0x00000000f5580000)
  object space 349696K, 99% used [0x00000000e0000000,0x00000000f557fab8,0x00000000f5580000)
 Metaspace       used 53477K, committed 54400K, reserved 1097728K
  class space    used 5355K, committed 5760K, reserved 1048576K
}
Event: 732.156 GC heap after
{Heap after GC invocations=582 (full 499):
 PSYoungGen      total 38400K, used 24575K [0x00000000f5580000, 0x00000000f9180000, 0x0000000100000000)
  eden space 24576K, 99% used [0x00000000f5580000,0x00000000f6d7ffe8,0x00000000f6d80000)
  from space 13824K, 0% used [0x00000000f6d80000,0x00000000f6d80000,0x00000000f7b00000)
  to   space 16896K, 0% used [0x00000000f8100000,0x00000000f8100000,0x00000000f9180000)
 ParOldGen       total 349696K, used 349693K [0x00000000e0000000, 0x00000000f5580000, 0x00000000f5580000)
  object space 349696K, 99% used [0x00000000e0000000,0x00000000f557f720,0x00000000f5580000)
 Metaspace       used 53477K, committed 54400K, reserved 1097728K
  class space    used 5355K, committed 5760K, reserved 1048576K
}
Event: 732.156 GC heap before
{Heap before GC invocations=583 (full 500):
 PSYoungGen      total 38400K, used 24576K [0x00000000f5580000, 0x00000000f9180000, 0x0000000100000000)
  eden space 24576K, 100% used [0x00000000f5580000,0x00000000f6d80000,0x00000000f6d80000)
  from space 13824K, 0% used [0x00000000f6d80000,0x00000000f6d80000,0x00000000f7b00000)
  to   space 16896K, 0% used [0x00000000f8100000,0x00000000f8100000,0x00000000f9180000)
 ParOldGen       total 349696K, used 349693K [0x00000000e0000000, 0x00000000f5580000, 0x00000000f5580000)
  object space 349696K, 99% used [0x00000000e0000000,0x00000000f557f720,0x00000000f5580000)
 Metaspace       used 53477K, committed 54400K, reserved 1097728K
  class space    used 5355K, committed 5760K, reserved 1048576K
}
Event: 733.841 GC heap after
{Heap after GC invocations=583 (full 500):
 PSYoungGen      total 41472K, used 24576K [0x00000000f5580000, 0x00000000f9180000, 0x0000000100000000)
  eden space 24576K, 100% used [0x00000000f5580000,0x00000000f6d80000,0x00000000f6d80000)
  from space 16896K, 0% used [0x00000000f8100000,0x00000000f8100000,0x00000000f9180000)
  to   space 13824K, 0% used [0x00000000f6d80000,0x00000000f6d80000,0x00000000f7b00000)
 ParOldGen       total 349696K, used 349693K [0x00000000e0000000, 0x00000000f5580000, 0x00000000f5580000)
  object space 349696K, 99% used [0x00000000e0000000,0x00000000f557f700,0x00000000f5580000)
 Metaspace       used 53477K, committed 54400K, reserved 1097728K
  class space    used 5355K, committed 5760K, reserved 1048576K
}
Event: 733.851 GC heap before
{Heap before GC invocations=584 (full 501):
 PSYoungGen      total 41472K, used 24576K [0x00000000f5580000, 0x00000000f9180000, 0x0000000100000000)
  eden space 24576K, 100% used [0x00000000f5580000,0x00000000f6d80000,0x00000000f6d80000)
  from space 16896K, 0% used [0x00000000f8100000,0x00000000f8100000,0x00000000f9180000)
  to   space 13824K, 0% used [0x00000000f6d80000,0x00000000f6d80000,0x00000000f7b00000)
 ParOldGen       total 349696K, used 349695K [0x00000000e0000000, 0x00000000f5580000, 0x00000000f5580000)
  object space 349696K, 99% used [0x00000000e0000000,0x00000000f557feb8,0x00000000f5580000)
 Metaspace       used 53477K, committed 54400K, reserved 1097728K
  class space    used 5355K, committed 5760K, reserved 1048576K
}
Event: 735.242 GC heap after
{Heap after GC invocations=584 (full 501):
 PSYoungGen      total 38400K, used 24576K [0x00000000f5580000, 0x00000000f9180000, 0x0000000100000000)
  eden space 24576K, 100% used [0x00000000f5580000,0x00000000f6d80000,0x00000000f6d80000)
  from space 13824K, 0% used [0x00000000f6d80000,0x00000000f6d80000,0x00000000f7b00000)
  to   space 16896K, 0% used [0x00000000f8100000,0x00000000f8100000,0x00000000f9180000)
 ParOldGen       total 349696K, used 349694K [0x00000000e0000000, 0x00000000f5580000, 0x00000000f5580000)
  object space 349696K, 99% used [0x00000000e0000000,0x00000000f557fa08,0x00000000f5580000)
 Metaspace       used 53477K, committed 54400K, reserved 1097728K
  class space    used 5355K, committed 5760K, reserved 1048576K
}
Event: 735.244 GC heap before
{Heap before GC invocations=585 (full 502):
 PSYoungGen      total 38400K, used 24576K [0x00000000f5580000, 0x00000000f9180000, 0x0000000100000000)
  eden space 24576K, 100% used [0x00000000f5580000,0x00000000f6d80000,0x00000000f6d80000)
  from space 13824K, 0% used [0x00000000f6d80000,0x00000000f6d80000,0x00000000f7b00000)
  to   space 16896K, 0% used [0x00000000f8100000,0x00000000f8100000,0x00000000f9180000)
 ParOldGen       total 349696K, used 349695K [0x00000000e0000000, 0x00000000f5580000, 0x00000000f5580000)
  object space 349696K, 99% used [0x00000000e0000000,0x00000000f557fff8,0x00000000f5580000)
 Metaspace       used 53477K, committed 54400K, reserved 1097728K
  class space    used 5355K, committed 5760K, reserved 1048576K
}
Event: 736.673 GC heap after
{Heap after GC invocations=585 (full 502):
 PSYoungGen      total 41472K, used 24576K [0x00000000f5580000, 0x00000000f9180000, 0x0000000100000000)
  eden space 24576K, 100% used [0x00000000f5580000,0x00000000f6d80000,0x00000000f6d80000)
  from space 16896K, 0% used [0x00000000f8100000,0x00000000f8100000,0x00000000f9180000)
  to   space 13824K, 0% used [0x00000000f6d80000,0x00000000f6d80000,0x00000000f7b00000)
 ParOldGen       total 349696K, used 349695K [0x00000000e0000000, 0x00000000f5580000, 0x00000000f5580000)
  object space 349696K, 99% used [0x00000000e0000000,0x00000000f557fd50,0x00000000f5580000)
 Metaspace       used 53477K, committed 54400K, reserved 1097728K
  class space    used 5355K, committed 5760K, reserved 1048576K
}
Event: 736.674 GC heap before
{Heap before GC invocations=586 (full 503):
 PSYoungGen      total 41472K, used 24576K [0x00000000f5580000, 0x00000000f9180000, 0x0000000100000000)
  eden space 24576K, 100% used [0x00000000f5580000,0x00000000f6d80000,0x00000000f6d80000)
  from space 16896K, 0% used [0x00000000f8100000,0x00000000f8100000,0x00000000f9180000)
  to   space 13824K, 0% used [0x00000000f6d80000,0x00000000f6d80000,0x00000000f7b00000)
 ParOldGen       total 349696K, used 349695K [0x00000000e0000000, 0x00000000f5580000, 0x00000000f5580000)
  object space 349696K, 99% used [0x00000000e0000000,0x00000000f557ff90,0x00000000f5580000)
 Metaspace       used 53477K, committed 54400K, reserved 1097728K
  class space    used 5355K, committed 5760K, reserved 1048576K
}
Event: 738.052 GC heap after
{Heap after GC invocations=586 (full 503):
 PSYoungGen      total 38400K, used 24576K [0x00000000f5580000, 0x00000000f9180000, 0x0000000100000000)
  eden space 24576K, 100% used [0x00000000f5580000,0x00000000f6d80000,0x00000000f6d80000)
  from space 13824K, 0% used [0x00000000f6d80000,0x00000000f6d80000,0x00000000f7b00000)
  to   space 16896K, 0% used [0x00000000f8100000,0x00000000f8100000,0x00000000f9180000)
 ParOldGen       total 349696K, used 349695K [0x00000000e0000000, 0x00000000f5580000, 0x00000000f5580000)
  object space 349696K, 99% used [0x00000000e0000000,0x00000000f557fe30,0x00000000f5580000)
 Metaspace       used 53477K, committed 54400K, reserved 1097728K
  class space    used 5355K, committed 5760K, reserved 1048576K
}
Event: 738.053 GC heap before
{Heap before GC invocations=587 (full 504):
 PSYoungGen      total 38400K, used 24576K [0x00000000f5580000, 0x00000000f9180000, 0x0000000100000000)
  eden space 24576K, 100% used [0x00000000f5580000,0x00000000f6d80000,0x00000000f6d80000)
  from space 13824K, 0% used [0x00000000f6d80000,0x00000000f6d80000,0x00000000f7b00000)
  to   space 16896K, 0% used [0x00000000f8100000,0x00000000f8100000,0x00000000f9180000)
 ParOldGen       total 349696K, used 349695K [0x00000000e0000000, 0x00000000f5580000, 0x00000000f5580000)
  object space 349696K, 99% used [0x00000000e0000000,0x00000000f557ff48,0x00000000f5580000)
 Metaspace       used 53477K, committed 54400K, reserved 1097728K
  class space    used 5355K, committed 5760K, reserved 1048576K
}
Event: 739.422 GC heap after
{Heap after GC invocations=587 (full 504):
 PSYoungGen      total 41472K, used 24576K [0x00000000f5580000, 0x00000000f9180000, 0x0000000100000000)
  eden space 24576K, 100% used [0x00000000f5580000,0x00000000f6d80000,0x00000000f6d80000)
  from space 16896K, 0% used [0x00000000f8100000,0x00000000f8100000,0x00000000f9180000)
  to   space 13824K, 0% used [0x00000000f6d80000,0x00000000f6d80000,0x00000000f7b00000)
 ParOldGen       total 349696K, used 349695K [0x00000000e0000000, 0x00000000f5580000, 0x00000000f5580000)
  object space 349696K, 99% used [0x00000000e0000000,0x00000000f557fe78,0x00000000f5580000)
 Metaspace       used 53477K, committed 54400K, reserved 1097728K
  class space    used 5355K, committed 5760K, reserved 1048576K
}
Event: 739.422 GC heap before
{Heap before GC invocations=588 (full 505):
 PSYoungGen      total 41472K, used 24576K [0x00000000f5580000, 0x00000000f9180000, 0x0000000100000000)
  eden space 24576K, 100% used [0x00000000f5580000,0x00000000f6d80000,0x00000000f6d80000)
  from space 16896K, 0% used [0x00000000f8100000,0x00000000f8100000,0x00000000f9180000)
  to   space 13824K, 0% used [0x00000000f6d80000,0x00000000f6d80000,0x00000000f7b00000)
 ParOldGen       total 349696K, used 349695K [0x00000000e0000000, 0x00000000f5580000, 0x00000000f5580000)
  object space 349696K, 99% used [0x00000000e0000000,0x00000000f557fe78,0x00000000f5580000)
 Metaspace       used 53477K, committed 54400K, reserved 1097728K
  class space    used 5355K, committed 5760K, reserved 1048576K
}
Event: 740.748 GC heap after
{Heap after GC invocations=588 (full 505):
 PSYoungGen      total 38400K, used 24576K [0x00000000f5580000, 0x00000000f9180000, 0x0000000100000000)
  eden space 24576K, 100% used [0x00000000f5580000,0x00000000f6d80000,0x00000000f6d80000)
  from space 13824K, 0% used [0x00000000f6d80000,0x00000000f6d80000,0x00000000f7b00000)
  to   space 16896K, 0% used [0x00000000f8100000,0x00000000f8100000,0x00000000f9180000)
 ParOldGen       total 349696K, used 349695K [0x00000000e0000000, 0x00000000f5580000, 0x00000000f5580000)
  object space 349696K, 99% used [0x00000000e0000000,0x00000000f557fe78,0x00000000f5580000)
 Metaspace       used 53477K, committed 54400K, reserved 1097728K
  class space    used 5355K, committed 5760K, reserved 1048576K
}

