# JRE version: OpenJDK Runtime Environment GraalVM CE 22.3.0 (17.0.5+8) (build 17.0.5+8-jvmci-22.3-b08)
# Java VM: OpenJDK 64-Bit Server VM GraalVM CE 22.3.0 (17.0.5+8-jvmci-22.3-b08, mixed mode, sharing, tiered, jvmci, jvmci compiler, compressed oops, compressed class ptrs, parallel gc, linux-amd64)
GC Precious Log:
 CPUs: 8 total, 1 available
 Memory: 1024M
 Large Page Support: Disabled
 NUMA Support: Disabled
 Compressed Oops: Enabled (32-bit)
 Alignments: Space 512K, Generation 512K, Heap 2M
 Heap Min Capacity: 100M
 Heap Initial Capacity: 100M
 Heap Max Capacity: 512M
 Pre-touch: Disabled
 Parallel Workers: 1
Heap:
 PSYoungGen      total 45056K, used 32767K [0x00000000f5580000, 0x00000000f8e80000, 0x0000000100000000)
  eden space 32768K, 99% used [0x00000000f5580000,0x00000000f757fff0,0x00000000f7580000)
  from space 12288K, 0% used [0x00000000f7900000,0x00000000f7900000,0x00000000f8500000)
  to   space 9216K, 0% used [0x00000000f8580000,0x00000000f8580000,0x00000000f8e80000)
 ParOldGen       total 349696K, used 349696K [0x00000000e0000000, 0x00000000f5580000, 0x00000000f5580000)
  object space 349696K, 100% used [0x00000000e0000000,0x00000000f5580000,0x00000000f5580000)
 Metaspace       used 52819K, committed 53632K, reserved 1097728K
  class space    used 5323K, committed 5696K, reserved 1048576K
GC Heap History (20 events):
Event: 298.949 GC heap before
{Heap before GC invocations=244 (full 156):
 PSYoungGen      total 45056K, used 32768K [0x00000000f5580000, 0x00000000f8e80000, 0x0000000100000000)
  eden space 32768K, 100% used [0x00000000f5580000,0x00000000f7580000,0x00000000f7580000)
  from space 12288K, 0% used [0x00000000f7900000,0x00000000f7900000,0x00000000f8500000)
  to   space 9216K, 0% used [0x00000000f8580000,0x00000000f8580000,0x00000000f8e80000)
 ParOldGen       total 349696K, used 349695K [0x00000000e0000000, 0x00000000f5580000, 0x00000000f5580000)
  object space 349696K, 99% used [0x00000000e0000000,0x00000000f557fe70,0x00000000f5580000)
 Metaspace       used 52818K, committed 53632K, reserved 1097728K
  class space    used 5323K, committed 5696K, reserved 1048576K
}
Event: 300.349 GC heap after
{Heap after GC invocations=244 (full 156):
 PSYoungGen      total 41984K, used 32767K [0x00000000f5580000, 0x00000000f8e80000, 0x0000000100000000)
  eden space 32768K, 99% used [0x00000000f5580000,0x00000000f757ff70,0x00000000f7580000)
  from space 9216K, 0% used [0x00000000f8580000,0x00000000f8580000,0x00000000f8e80000)
  to   space 12288K, 0% used [0x00000000f7900000,0x00000000f7900000,0x00000000f8500000)
 ParOldGen       total 349696K, used 349693K [0x00000000e0000000, 0x00000000f5580000, 0x00000000f5580000)
  object space 349696K, 99% used [0x00000000e0000000,0x00000000f557f638,0x00000000f5580000)
 Metaspace       used 52818K, committed 53632K, reserved 1097728K
  class space    used 5323K, committed 5696K, reserved 1048576K
}
Event: 300.349 GC heap before
{Heap before GC invocations=245 (full 157):
 PSYoungGen      total 41984K, used 32767K [0x00000000f5580000, 0x00000000f8e80000, 0x0000000100000000)
  eden space 32768K, 99% used [0x00000000f5580000,0x00000000f757fff0,0x00000000f7580000)
  from space 9216K, 0% used [0x00000000f8580000,0x00000000f8580000,0x00000000f8e80000)
  to   space 12288K, 0% used [0x00000000f7900000,0x00000000f7900000,0x00000000f8500000)
 ParOldGen       total 349696K, used 349693K [0x00000000e0000000, 0x00000000f5580000, 0x00000000f5580000)
  object space 349696K, 99% used [0x00000000e0000000,0x00000000f557f638,0x00000000f5580000)
 Metaspace       used 52818K, committed 53632K, reserved 1097728K
  class space    used 5323K, committed 5696K, reserved 1048576K
}
Event: 301.661 GC heap after
{Heap after GC invocations=245 (full 157):
 PSYoungGen      total 45056K, used 32767K [0x00000000f5580000, 0x00000000f8e80000, 0x0000000100000000)
  eden space 32768K, 99% used [0x00000000f5580000,0x00000000f757fff0,0x00000000f7580000)
  from space 12288K, 0% used [0x00000000f7900000,0x00000000f7900000,0x00000000f8500000)
  to   space 9216K, 0% used [0x00000000f8580000,0x00000000f8580000,0x00000000f8e80000)
 ParOldGen       total 349696K, used 349693K [0x00000000e0000000, 0x00000000f5580000, 0x00000000f5580000)
  object space 349696K, 99% used [0x00000000e0000000,0x00000000f557f638,0x00000000f5580000)
 Metaspace       used 52818K, committed 53632K, reserved 1097728K
  class space    used 5323K, committed 5696K, reserved 1048576K
}
Event: 301.661 GC heap before
{Heap before GC invocations=246 (full 158):
 PSYoungGen      total 45056K, used 32768K [0x00000000f5580000, 0x00000000f8e80000, 0x0000000100000000)
  eden space 32768K, 100% used [0x00000000f5580000,0x00000000f7580000,0x00000000f7580000)
  from space 12288K, 0% used [0x00000000f7900000,0x00000000f7900000,0x00000000f8500000)
  to   space 9216K, 0% used [0x00000000f8580000,0x00000000f8580000,0x00000000f8e80000)
 ParOldGen       total 349696K, used 349695K [0x00000000e0000000, 0x00000000f5580000, 0x00000000f5580000)
  object space 349696K, 99% used [0x00000000e0000000,0x00000000f557ff78,0x00000000f5580000)
 Metaspace       used 52818K, committed 53632K, reserved 1097728K
  class space    used 5323K, committed 5696K, reserved 1048576K
}
Event: 303.037 GC heap after
{Heap after GC invocations=246 (full 158):
 PSYoungGen      total 41984K, used 32767K [0x00000000f5580000, 0x00000000f8e80000, 0x0000000100000000)
  eden space 32768K, 99% used [0x00000000f5580000,0x00000000f757ff88,0x00000000f7580000)
  from space 9216K, 0% used [0x00000000f8580000,0x00000000f8580000,0x00000000f8e80000)
  to   space 12288K, 0% used [0x00000000f7900000,0x00000000f7900000,0x00000000f8500000)
 ParOldGen       total 349696K, used 349695K [0x00000000e0000000, 0x00000000f5580000, 0x00000000f5580000)
  object space 349696K, 99% used [0x00000000e0000000,0x00000000f557fd28,0x00000000f5580000)
 Metaspace       used 52818K, committed 53632K, reserved 1097728K
  class space    used 5323K, committed 5696K, reserved 1048576K
}
Event: 303.038 GC heap before
{Heap before GC invocations=247 (full 159):
 PSYoungGen      total 41984K, used 32767K [0x00000000f5580000, 0x00000000f8e80000, 0x0000000100000000)
  eden space 32768K, 99% used [0x00000000f5580000,0x00000000f757fff8,0x00000000f7580000)
  from space 9216K, 0% used [0x00000000f8580000,0x00000000f8580000,0x00000000f8e80000)
  to   space 12288K, 0% used [0x00000000f7900000,0x00000000f7900000,0x00000000f8500000)
 ParOldGen       total 349696K, used 349695K [0x00000000e0000000, 0x00000000f5580000, 0x00000000f5580000)
  object space 349696K, 99% used [0x00000000e0000000,0x00000000f557fd28,0x00000000f5580000)
 Metaspace       used 52818K, committed 53632K, reserved 1097728K
  class space    used 5323K, committed 5696K, reserved 1048576K
}
Event: 304.371 GC heap after
{Heap after GC invocations=247 (full 159):
 PSYoungGen      total 45056K, used 32767K [0x00000000f5580000, 0x00000000f8e80000, 0x0000000100000000)
  eden space 32768K, 99% used [0x00000000f5580000,0x00000000f757ffd8,0x00000000f7580000)
  from space 12288K, 0% used [0x00000000f7900000,0x00000000f7900000,0x00000000f8500000)
  to   space 9216K, 0% used [0x00000000f8580000,0x00000000f8580000,0x00000000f8e80000)
 ParOldGen       total 349696K, used 349695K [0x00000000e0000000, 0x00000000f5580000, 0x00000000f5580000)
  object space 349696K, 99% used [0x00000000e0000000,0x00000000f557fd08,0x00000000f5580000)
 Metaspace       used 52818K, committed 53632K, reserved 1097728K
  class space    used 5323K, committed 5696K, reserved 1048576K
}
Event: 304.371 GC heap before
{Heap before GC invocations=248 (full 160):
 PSYoungGen      total 45056K, used 32767K [0x00000000f5580000, 0x00000000f8e80000, 0x0000000100000000)
  eden space 32768K, 99% used [0x00000000f5580000,0x00000000f757fff0,0x00000000f7580000)
  from space 12288K, 0% used [0x00000000f7900000,0x00000000f7900000,0x00000000f8500000)
  to   space 9216K, 0% used [0x00000000f8580000,0x00000000f8580000,0x00000000f8e80000)
 ParOldGen       total 349696K, used 349695K [0x00000000e0000000, 0x00000000f5580000, 0x00000000f5580000)
  object space 349696K, 99% used [0x00000000e0000000,0x00000000f557fd08,0x00000000f5580000)
 Metaspace       used 52818K, committed 53632K, reserved 1097728K
  class space    used 5323K, committed 5696K, reserved 1048576K
}
Event: 305.729 GC heap after
{Heap after GC invocations=248 (full 160):
 PSYoungGen      total 41984K, used 32767K [0x00000000f5580000, 0x00000000f8e80000, 0x0000000100000000)
  eden space 32768K, 99% used [0x00000000f5580000,0x00000000f757fff0,0x00000000f7580000)
  from space 9216K, 0% used [0x00000000f8580000,0x00000000f8580000,0x00000000f8e80000)
  to   space 12288K, 0% used [0x00000000f7900000,0x00000000f7900000,0x00000000f8500000)
 ParOldGen       total 349696K, used 349695K [0x00000000e0000000, 0x00000000f5580000, 0x00000000f5580000)
  object space 349696K, 99% used [0x00000000e0000000,0x00000000f557fd08,0x00000000f5580000)
 Metaspace       used 52818K, committed 53632K, reserved 1097728K
  class space    used 5323K, committed 5696K, reserved 1048576K
}
Event: 305.729 GC heap before
{Heap before GC invocations=249 (full 161):
 PSYoungGen      total 41984K, used 32767K [0x00000000f5580000, 0x00000000f8e80000, 0x0000000100000000)
  eden space 32768K, 99% used [0x00000000f5580000,0x00000000f757fff0,0x00000000f7580000)
  from space 9216K, 0% used [0x00000000f8580000,0x00000000f8580000,0x00000000f8e80000)
  to   space 12288K, 0% used [0x00000000f7900000,0x00000000f7900000,0x00000000f8500000)
 ParOldGen       total 349696K, used 349695K [0x00000000e0000000, 0x00000000f5580000, 0x00000000f5580000)
  object space 349696K, 99% used [0x00000000e0000000,0x00000000f557fd80,0x00000000f5580000)
 Metaspace       used 52818K, committed 53632K, reserved 1097728K
  class space    used 5323K, committed 5696K, reserved 1048576K
}
Event: 307.170 GC heap after
{Heap after GC invocations=249 (full 161):
 PSYoungGen      total 45056K, used 32767K [0x00000000f5580000, 0x00000000f8e80000, 0x0000000100000000)
  eden space 32768K, 99% used [0x00000000f5580000,0x00000000f757fff0,0x00000000f7580000)
  from space 12288K, 0% used [0x00000000f7900000,0x00000000f7900000,0x00000000f8500000)
  to   space 9216K, 0% used [0x00000000f8580000,0x00000000f8580000,0x00000000f8e80000)
 ParOldGen       total 349696K, used 349695K [0x00000000e0000000, 0x00000000f5580000, 0x00000000f5580000)
  object space 349696K, 99% used [0x00000000e0000000,0x00000000f557fd68,0x00000000f5580000)
 Metaspace       used 52818K, committed 53632K, reserved 1097728K
  class space    used 5323K, committed 5696K, reserved 1048576K
}
Event: 307.170 GC heap before
{Heap before GC invocations=250 (full 162):
 PSYoungGen      total 45056K, used 32767K [0x00000000f5580000, 0x00000000f8e80000, 0x0000000100000000)
  eden space 32768K, 99% used [0x00000000f5580000,0x00000000f757fff0,0x00000000f7580000)
  from space 12288K, 0% used [0x00000000f7900000,0x00000000f7900000,0x00000000f8500000)
  to   space 9216K, 0% used [0x00000000f8580000,0x00000000f8580000,0x00000000f8e80000)
 ParOldGen       total 349696K, used 349695K [0x00000000e0000000, 0x00000000f5580000, 0x00000000f5580000)
  object space 349696K, 99% used [0x00000000e0000000,0x00000000f557fd68,0x00000000f5580000)
 Metaspace       used 52818K, committed 53632K, reserved 1097728K
  class space    used 5323K, committed 5696K, reserved 1048576K
}
Event: 308.748 GC heap after
{Heap after GC invocations=250 (full 162):
 PSYoungGen      total 41984K, used 32767K [0x00000000f5580000, 0x00000000f8e80000, 0x0000000100000000)
  eden space 32768K, 99% used [0x00000000f5580000,0x00000000f757fff0,0x00000000f7580000)
  from space 9216K, 0% used [0x00000000f8580000,0x00000000f8580000,0x00000000f8e80000)
  to   space 12288K, 0% used [0x00000000f7900000,0x00000000f7900000,0x00000000f8500000)
 ParOldGen       total 349696K, used 349695K [0x00000000e0000000, 0x00000000f5580000, 0x00000000f5580000)
  object space 349696K, 99% used [0x00000000e0000000,0x00000000f557fd68,0x00000000f5580000)
 Metaspace       used 52818K, committed 53632K, reserved 1097728K
  class space    used 5323K, committed 5696K, reserved 1048576K
}
Event: 308.754 GC heap before
{Heap before GC invocations=251 (full 163):
 PSYoungGen      total 41984K, used 32768K [0x00000000f5580000, 0x00000000f8e80000, 0x0000000100000000)
  eden space 32768K, 100% used [0x00000000f5580000,0x00000000f7580000,0x00000000f7580000)
  from space 9216K, 0% used [0x00000000f8580000,0x00000000f8580000,0x00000000f8e80000)
  to   space 12288K, 0% used [0x00000000f7900000,0x00000000f7900000,0x00000000f8500000)
 ParOldGen       total 349696K, used 349695K [0x00000000e0000000, 0x00000000f5580000, 0x00000000f5580000)
  object space 349696K, 99% used [0x00000000e0000000,0x00000000f557fd68,0x00000000f5580000)
 Metaspace       used 52819K, committed 53632K, reserved 1097728K
  class space    used 5323K, committed 5696K, reserved 1048576K
}
Event: 310.362 GC heap after
{Heap after GC invocations=251 (full 163):
 PSYoungGen      total 45056K, used 32767K [0x00000000f5580000, 0x00000000f8e80000, 0x0000000100000000)
  eden space 32768K, 99% used [0x00000000f5580000,0x00000000f757fff0,0x00000000f7580000)
  from space 12288K, 0% used [0x00000000f7900000,0x00000000f7900000,0x00000000f8500000)
  to   space 9216K, 0% used [0x00000000f8580000,0x00000000f8580000,0x00000000f8e80000)
 ParOldGen       total 349696K, used 349694K [0x00000000e0000000, 0x00000000f5580000, 0x00000000f5580000)
  object space 349696K, 99% used [0x00000000e0000000,0x00000000f557fa98,0x00000000f5580000)
 Metaspace       used 52819K, committed 53632K, reserved 1097728K
  class space    used 5323K, committed 5696K, reserved 1048576K
}
Event: 310.363 GC heap before
{Heap before GC invocations=252 (full 164):
 PSYoungGen      total 45056K, used 32767K [0x00000000f5580000, 0x00000000f8e80000, 0x0000000100000000)
  eden space 32768K, 99% used [0x00000000f5580000,0x00000000f757fff0,0x00000000f7580000)
  from space 12288K, 0% used [0x00000000f7900000,0x00000000f7900000,0x00000000f8500000)
  to   space 9216K, 0% used [0x00000000f8580000,0x00000000f8580000,0x00000000f8e80000)
 ParOldGen       total 349696K, used 349695K [0x00000000e0000000, 0x00000000f5580000, 0x00000000f5580000)
  object space 349696K, 99% used [0x00000000e0000000,0x00000000f557ff00,0x00000000f5580000)
 Metaspace       used 52819K, committed 53632K, reserved 1097728K
  class space    used 5323K, committed 5696K, reserved 1048576K
}
Event: 312.071 GC heap after
{Heap after GC invocations=252 (full 164):
 PSYoungGen      total 41984K, used 32767K [0x00000000f5580000, 0x00000000f8e80000, 0x0000000100000000)
  eden space 32768K, 99% used [0x00000000f5580000,0x00000000f757ffd8,0x00000000f7580000)
  from space 9216K, 0% used [0x00000000f8580000,0x00000000f8580000,0x00000000f8e80000)
  to   space 12288K, 0% used [0x00000000f7900000,0x00000000f7900000,0x00000000f8500000)
 ParOldGen       total 349696K, used 349695K [0x00000000e0000000, 0x00000000f5580000, 0x00000000f5580000)
  object space 349696K, 99% used [0x00000000e0000000,0x00000000f557fdc0,0x00000000f5580000)
 Metaspace       used 52819K, committed 53632K, reserved 1097728K
  class space    used 5323K, committed 5696K, reserved 1048576K
}
Event: 312.071 GC heap before
{Heap before GC invocations=253 (full 165):
 PSYoungGen      total 41984K, used 32767K [0x00000000f5580000, 0x00000000f8e80000, 0x0000000100000000)
  eden space 32768K, 99% used [0x00000000f5580000,0x00000000f757ffd8,0x00000000f7580000)
  from space 9216K, 0% used [0x00000000f8580000,0x00000000f8580000,0x00000000f8e80000)
  to   space 12288K, 0% used [0x00000000f7900000,0x00000000f7900000,0x00000000f8500000)
 ParOldGen       total 349696K, used 349695K [0x00000000e0000000, 0x00000000f5580000, 0x00000000f5580000)
  object space 349696K, 99% used [0x00000000e0000000,0x00000000f557fdc0,0x00000000f5580000)
 Metaspace       used 52819K, committed 53632K, reserved 1097728K
  class space    used 5323K, committed 5696K, reserved 1048576K
}
Event: 313.571 GC heap after
{Heap after GC invocations=253 (full 165):
 PSYoungGen      total 45056K, used 32767K [0x00000000f5580000, 0x00000000f8e80000, 0x0000000100000000)
  eden space 32768K, 99% used [0x00000000f5580000,0x00000000f757ffd8,0x00000000f7580000)
  from space 12288K, 0% used [0x00000000f7900000,0x00000000f7900000,0x00000000f8500000)
  to   space 9216K, 0% used [0x00000000f8580000,0x00000000f8580000,0x00000000f8e80000)
 ParOldGen       total 349696K, used 349695K [0x00000000e0000000, 0x00000000f5580000, 0x00000000f5580000)
  object space 349696K, 99% used [0x00000000e0000000,0x00000000f557fdc0,0x00000000f5580000)
 Metaspace       used 52819K, committed 53632K, reserved 1097728K
  class space    used 5323K, committed 5696K, reserved 1048576K
}

